BMI 	Category
21.83	Normal
36.05	Obese Class II (Severely obese)
8.32	Very severely underweight
21.71	Normal
25.74	Overweight
5.10	Very severely underweight
42.81	Obese Class III (Very severely obese)
86.09	Obese Class III (Very severely obese)
9.99	Very severely underweight
BMI 	Category
21.83	Normal
36.05	Obese Class II (Severely obese)
8.32	Very severely underweight
21.71	Normal
25.74	Overweight
5.10	Very severely underweight
42.81	Obese Class III (Very severely obese)
86.09	Obese Class III (Very severely obese)
9.99	Very severely underweight
